18-Apr-2018 14:13:32.679 INFOS [main] org.apache.catalina.startup.VersionLoggerListener.log Server version:        Apache Tomcat/9.0.7
18-Apr-2018 14:13:32.681 INFOS [main] org.apache.catalina.startup.VersionLoggerListener.log Server built:          Apr 3 2018 19:53:05 UTC
18-Apr-2018 14:13:32.681 INFOS [main] org.apache.catalina.startup.VersionLoggerListener.log Server number:         9.0.7.0
18-Apr-2018 14:13:32.681 INFOS [main] org.apache.catalina.startup.VersionLoggerListener.log OS Name:               Linux
18-Apr-2018 14:13:32.681 INFOS [main] org.apache.catalina.startup.VersionLoggerListener.log OS Version:            3.10.0-693.2.2.el7.x86_64
18-Apr-2018 14:13:32.681 INFOS [main] org.apache.catalina.startup.VersionLoggerListener.log Architecture:          amd64
18-Apr-2018 14:13:32.681 INFOS [main] org.apache.catalina.startup.VersionLoggerListener.log Java Home:             /usr/lib/jvm/java-1.8.0-openjdk-1.8.0.161-0.b14.el7_4.x86_64/jre
18-Apr-2018 14:13:32.681 INFOS [main] org.apache.catalina.startup.VersionLoggerListener.log JVM Version:           1.8.0_161-b14
18-Apr-2018 14:13:32.682 INFOS [main] org.apache.catalina.startup.VersionLoggerListener.log JVM Vendor:            Oracle Corporation
18-Apr-2018 14:13:32.682 INFOS [main] org.apache.catalina.startup.VersionLoggerListener.log CATALINA_BASE:         /root/Documents/AL-TP/apache-tomcat-9.0.7
18-Apr-2018 14:13:32.682 INFOS [main] org.apache.catalina.startup.VersionLoggerListener.log CATALINA_HOME:         /root/Documents/AL-TP/apache-tomcat-9.0.7
18-Apr-2018 14:13:32.682 INFOS [main] org.apache.catalina.startup.VersionLoggerListener.log Command line argument: -Djava.util.logging.config.file=/root/Documents/AL-TP/apache-tomcat-9.0.7/conf/logging.properties
18-Apr-2018 14:13:32.682 INFOS [main] org.apache.catalina.startup.VersionLoggerListener.log Command line argument: -Djava.util.logging.manager=org.apache.juli.ClassLoaderLogManager
18-Apr-2018 14:13:32.682 INFOS [main] org.apache.catalina.startup.VersionLoggerListener.log Command line argument: -Djdk.tls.ephemeralDHKeySize=2048
18-Apr-2018 14:13:32.682 INFOS [main] org.apache.catalina.startup.VersionLoggerListener.log Command line argument: -Djava.protocol.handler.pkgs=org.apache.catalina.webresources
18-Apr-2018 14:13:32.682 INFOS [main] org.apache.catalina.startup.VersionLoggerListener.log Command line argument: -Dorg.apache.catalina.security.SecurityListener.UMASK=0027
18-Apr-2018 14:13:32.682 INFOS [main] org.apache.catalina.startup.VersionLoggerListener.log Command line argument: -Dignore.endorsed.dirs=
18-Apr-2018 14:13:32.682 INFOS [main] org.apache.catalina.startup.VersionLoggerListener.log Command line argument: -Dcatalina.base=/root/Documents/AL-TP/apache-tomcat-9.0.7
18-Apr-2018 14:13:32.682 INFOS [main] org.apache.catalina.startup.VersionLoggerListener.log Command line argument: -Dcatalina.home=/root/Documents/AL-TP/apache-tomcat-9.0.7
18-Apr-2018 14:13:32.682 INFOS [main] org.apache.catalina.startup.VersionLoggerListener.log Command line argument: -Djava.io.tmpdir=/root/Documents/AL-TP/apache-tomcat-9.0.7/temp
18-Apr-2018 14:13:32.683 INFOS [main] org.apache.catalina.core.AprLifecycleListener.lifecycleEvent The APR based Apache Tomcat Native library which allows optimal performance in production environments was not found on the java.library.path: [/usr/java/packages/lib/amd64:/usr/lib64:/lib64:/lib:/usr/lib]
18-Apr-2018 14:13:32.792 INFOS [main] org.apache.coyote.AbstractProtocol.init Initializing ProtocolHandler ["http-nio-8080"]
18-Apr-2018 14:13:32.817 INFOS [main] org.apache.tomcat.util.net.NioSelectorPool.getSharedSelector Using a shared selector for servlet write/read
18-Apr-2018 14:13:32.832 INFOS [main] org.apache.coyote.AbstractProtocol.init Initializing ProtocolHandler ["ajp-nio-8009"]
18-Apr-2018 14:13:32.833 INFOS [main] org.apache.tomcat.util.net.NioSelectorPool.getSharedSelector Using a shared selector for servlet write/read
18-Apr-2018 14:13:32.845 INFOS [main] org.apache.catalina.startup.Catalina.load Initialization processed in 738 ms
18-Apr-2018 14:13:32.874 INFOS [main] org.apache.catalina.core.StandardService.startInternal Démarrage du service [Catalina]
18-Apr-2018 14:13:32.874 INFOS [main] org.apache.catalina.core.StandardEngine.startInternal Starting Servlet Engine: Apache Tomcat/9.0.7
18-Apr-2018 14:13:32.916 INFOS [main] org.apache.catalina.startup.HostConfig.deployWAR Déploiement de l'archive [/root/Documents/AL-TP/apache-tomcat-9.0.7/webapps/eureka.war] de l'application web
18-Apr-2018 14:13:35.903 INFOS [main] org.apache.jasper.servlet.TldScanner.scanJars At least one JAR was scanned for TLDs yet contained no TLDs. Enable debug logging for this logger for a complete list of JARs that were scanned but no TLDs were found in them. Skipping unneeded JARs during scanning can improve startup time and JSP compilation time.
18-Apr-2018 14:15:20.570 INFOS [main] org.apache.catalina.startup.VersionLoggerListener.log Server version:        Apache Tomcat/9.0.7
18-Apr-2018 14:15:20.571 INFOS [main] org.apache.catalina.startup.VersionLoggerListener.log Server built:          Apr 3 2018 19:53:05 UTC
18-Apr-2018 14:15:20.571 INFOS [main] org.apache.catalina.startup.VersionLoggerListener.log Server number:         9.0.7.0
18-Apr-2018 14:15:20.571 INFOS [main] org.apache.catalina.startup.VersionLoggerListener.log OS Name:               Linux
18-Apr-2018 14:15:20.571 INFOS [main] org.apache.catalina.startup.VersionLoggerListener.log OS Version:            3.10.0-693.2.2.el7.x86_64
18-Apr-2018 14:15:20.571 INFOS [main] org.apache.catalina.startup.VersionLoggerListener.log Architecture:          amd64
18-Apr-2018 14:15:20.572 INFOS [main] org.apache.catalina.startup.VersionLoggerListener.log Java Home:             /usr/lib/jvm/java-1.8.0-openjdk-1.8.0.161-0.b14.el7_4.x86_64/jre
18-Apr-2018 14:15:20.572 INFOS [main] org.apache.catalina.startup.VersionLoggerListener.log JVM Version:           1.8.0_161-b14
18-Apr-2018 14:15:20.572 INFOS [main] org.apache.catalina.startup.VersionLoggerListener.log JVM Vendor:            Oracle Corporation
18-Apr-2018 14:15:20.572 INFOS [main] org.apache.catalina.startup.VersionLoggerListener.log CATALINA_BASE:         /root/Documents/AL-TP/apache-tomcat-9.0.7
18-Apr-2018 14:15:20.572 INFOS [main] org.apache.catalina.startup.VersionLoggerListener.log CATALINA_HOME:         /root/Documents/AL-TP/apache-tomcat-9.0.7
18-Apr-2018 14:15:20.572 INFOS [main] org.apache.catalina.startup.VersionLoggerListener.log Command line argument: -Djava.util.logging.config.file=/root/Documents/AL-TP/apache-tomcat-9.0.7/conf/logging.properties
18-Apr-2018 14:15:20.572 INFOS [main] org.apache.catalina.startup.VersionLoggerListener.log Command line argument: -Djava.util.logging.manager=org.apache.juli.ClassLoaderLogManager
18-Apr-2018 14:15:20.572 INFOS [main] org.apache.catalina.startup.VersionLoggerListener.log Command line argument: -Djdk.tls.ephemeralDHKeySize=2048
18-Apr-2018 14:15:20.572 INFOS [main] org.apache.catalina.startup.VersionLoggerListener.log Command line argument: -Djava.protocol.handler.pkgs=org.apache.catalina.webresources
18-Apr-2018 14:15:20.572 INFOS [main] org.apache.catalina.startup.VersionLoggerListener.log Command line argument: -Dorg.apache.catalina.security.SecurityListener.UMASK=0027
18-Apr-2018 14:15:20.572 INFOS [main] org.apache.catalina.startup.VersionLoggerListener.log Command line argument: -Dignore.endorsed.dirs=
18-Apr-2018 14:15:20.572 INFOS [main] org.apache.catalina.startup.VersionLoggerListener.log Command line argument: -Dcatalina.base=/root/Documents/AL-TP/apache-tomcat-9.0.7
18-Apr-2018 14:15:20.572 INFOS [main] org.apache.catalina.startup.VersionLoggerListener.log Command line argument: -Dcatalina.home=/root/Documents/AL-TP/apache-tomcat-9.0.7
18-Apr-2018 14:15:20.572 INFOS [main] org.apache.catalina.startup.VersionLoggerListener.log Command line argument: -Djava.io.tmpdir=/root/Documents/AL-TP/apache-tomcat-9.0.7/temp
18-Apr-2018 14:15:20.572 INFOS [main] org.apache.catalina.core.AprLifecycleListener.lifecycleEvent The APR based Apache Tomcat Native library which allows optimal performance in production environments was not found on the java.library.path: [/usr/java/packages/lib/amd64:/usr/lib64:/lib64:/lib:/usr/lib]
18-Apr-2018 14:15:20.706 INFOS [main] org.apache.coyote.AbstractProtocol.init Initializing ProtocolHandler ["http-nio-8080"]
18-Apr-2018 14:15:20.731 INFOS [main] org.apache.tomcat.util.net.NioSelectorPool.getSharedSelector Using a shared selector for servlet write/read
18-Apr-2018 14:15:20.747 INFOS [main] org.apache.coyote.AbstractProtocol.init Initializing ProtocolHandler ["ajp-nio-8009"]
18-Apr-2018 14:15:20.748 INFOS [main] org.apache.tomcat.util.net.NioSelectorPool.getSharedSelector Using a shared selector for servlet write/read
18-Apr-2018 14:15:20.761 INFOS [main] org.apache.catalina.startup.Catalina.load Initialization processed in 734 ms
18-Apr-2018 14:15:20.821 INFOS [main] org.apache.catalina.core.StandardService.startInternal Démarrage du service [Catalina]
18-Apr-2018 14:15:20.821 INFOS [main] org.apache.catalina.core.StandardEngine.startInternal Starting Servlet Engine: Apache Tomcat/9.0.7
18-Apr-2018 14:15:20.880 INFOS [main] org.apache.catalina.startup.HostConfig.deployWAR Déploiement de l'archive [/root/Documents/AL-TP/apache-tomcat-9.0.7/webapps/eureka.war] de l'application web
18-Apr-2018 14:15:23.352 INFOS [main] org.apache.jasper.servlet.TldScanner.scanJars At least one JAR was scanned for TLDs yet contained no TLDs. Enable debug logging for this logger for a complete list of JARs that were scanned but no TLDs were found in them. Skipping unneeded JARs during scanning can improve startup time and JSP compilation time.
18-Apr-2018 14:20:32.104 INFOS [main] org.apache.catalina.startup.VersionLoggerListener.log Server version:        Apache Tomcat/9.0.7
18-Apr-2018 14:20:32.105 INFOS [main] org.apache.catalina.startup.VersionLoggerListener.log Server built:          Apr 3 2018 19:53:05 UTC
18-Apr-2018 14:20:32.105 INFOS [main] org.apache.catalina.startup.VersionLoggerListener.log Server number:         9.0.7.0
18-Apr-2018 14:20:32.105 INFOS [main] org.apache.catalina.startup.VersionLoggerListener.log OS Name:               Linux
18-Apr-2018 14:20:32.105 INFOS [main] org.apache.catalina.startup.VersionLoggerListener.log OS Version:            3.10.0-693.2.2.el7.x86_64
18-Apr-2018 14:20:32.105 INFOS [main] org.apache.catalina.startup.VersionLoggerListener.log Architecture:          amd64
18-Apr-2018 14:20:32.105 INFOS [main] org.apache.catalina.startup.VersionLoggerListener.log Java Home:             /usr/lib/jvm/java-1.8.0-openjdk-1.8.0.161-0.b14.el7_4.x86_64/jre
18-Apr-2018 14:20:32.105 INFOS [main] org.apache.catalina.startup.VersionLoggerListener.log JVM Version:           1.8.0_161-b14
18-Apr-2018 14:20:32.106 INFOS [main] org.apache.catalina.startup.VersionLoggerListener.log JVM Vendor:            Oracle Corporation
18-Apr-2018 14:20:32.106 INFOS [main] org.apache.catalina.startup.VersionLoggerListener.log CATALINA_BASE:         /root/Documents/AL-TP/apache-tomcat-9.0.7
18-Apr-2018 14:20:32.106 INFOS [main] org.apache.catalina.startup.VersionLoggerListener.log CATALINA_HOME:         /root/Documents/AL-TP/apache-tomcat-9.0.7
18-Apr-2018 14:20:32.106 INFOS [main] org.apache.catalina.startup.VersionLoggerListener.log Command line argument: -Djava.util.logging.config.file=/root/Documents/AL-TP/apache-tomcat-9.0.7/conf/logging.properties
18-Apr-2018 14:20:32.106 INFOS [main] org.apache.catalina.startup.VersionLoggerListener.log Command line argument: -Djava.util.logging.manager=org.apache.juli.ClassLoaderLogManager
18-Apr-2018 14:20:32.106 INFOS [main] org.apache.catalina.startup.VersionLoggerListener.log Command line argument: -Djdk.tls.ephemeralDHKeySize=2048
18-Apr-2018 14:20:32.106 INFOS [main] org.apache.catalina.startup.VersionLoggerListener.log Command line argument: -Djava.protocol.handler.pkgs=org.apache.catalina.webresources
18-Apr-2018 14:20:32.106 INFOS [main] org.apache.catalina.startup.VersionLoggerListener.log Command line argument: -Dorg.apache.catalina.security.SecurityListener.UMASK=0027
18-Apr-2018 14:20:32.106 INFOS [main] org.apache.catalina.startup.VersionLoggerListener.log Command line argument: -Dignore.endorsed.dirs=
18-Apr-2018 14:20:32.106 INFOS [main] org.apache.catalina.startup.VersionLoggerListener.log Command line argument: -Dcatalina.base=/root/Documents/AL-TP/apache-tomcat-9.0.7
18-Apr-2018 14:20:32.106 INFOS [main] org.apache.catalina.startup.VersionLoggerListener.log Command line argument: -Dcatalina.home=/root/Documents/AL-TP/apache-tomcat-9.0.7
18-Apr-2018 14:20:32.106 INFOS [main] org.apache.catalina.startup.VersionLoggerListener.log Command line argument: -Djava.io.tmpdir=/root/Documents/AL-TP/apache-tomcat-9.0.7/temp
18-Apr-2018 14:20:32.106 INFOS [main] org.apache.catalina.core.AprLifecycleListener.lifecycleEvent The APR based Apache Tomcat Native library which allows optimal performance in production environments was not found on the java.library.path: [/usr/java/packages/lib/amd64:/usr/lib64:/lib64:/lib:/usr/lib]
18-Apr-2018 14:20:32.236 INFOS [main] org.apache.coyote.AbstractProtocol.init Initializing ProtocolHandler ["http-nio-8080"]
18-Apr-2018 14:20:32.276 INFOS [main] org.apache.tomcat.util.net.NioSelectorPool.getSharedSelector Using a shared selector for servlet write/read
18-Apr-2018 14:20:32.292 INFOS [main] org.apache.coyote.AbstractProtocol.init Initializing ProtocolHandler ["ajp-nio-8009"]
18-Apr-2018 14:20:32.293 INFOS [main] org.apache.tomcat.util.net.NioSelectorPool.getSharedSelector Using a shared selector for servlet write/read
18-Apr-2018 14:20:32.306 INFOS [main] org.apache.catalina.startup.Catalina.load Initialization processed in 802 ms
18-Apr-2018 14:20:32.334 INFOS [main] org.apache.catalina.core.StandardService.startInternal Démarrage du service [Catalina]
18-Apr-2018 14:20:32.334 INFOS [main] org.apache.catalina.core.StandardEngine.startInternal Starting Servlet Engine: Apache Tomcat/9.0.7
18-Apr-2018 14:20:32.347 INFOS [main] org.apache.catalina.startup.HostConfig.deployWAR Déploiement de l'archive [/root/Documents/AL-TP/apache-tomcat-9.0.7/webapps/eureka.war] de l'application web
18-Apr-2018 14:20:34.901 INFOS [main] org.apache.jasper.servlet.TldScanner.scanJars At least one JAR was scanned for TLDs yet contained no TLDs. Enable debug logging for this logger for a complete list of JARs that were scanned but no TLDs were found in them. Skipping unneeded JARs during scanning can improve startup time and JSP compilation time.
18-Apr-2018 14:23:36.874 INFOS [main] org.apache.catalina.startup.VersionLoggerListener.log Server version:        Apache Tomcat/9.0.7
18-Apr-2018 14:23:36.875 INFOS [main] org.apache.catalina.startup.VersionLoggerListener.log Server built:          Apr 3 2018 19:53:05 UTC
18-Apr-2018 14:23:36.876 INFOS [main] org.apache.catalina.startup.VersionLoggerListener.log Server number:         9.0.7.0
18-Apr-2018 14:23:36.876 INFOS [main] org.apache.catalina.startup.VersionLoggerListener.log OS Name:               Linux
18-Apr-2018 14:23:36.876 INFOS [main] org.apache.catalina.startup.VersionLoggerListener.log OS Version:            3.10.0-693.2.2.el7.x86_64
18-Apr-2018 14:23:36.876 INFOS [main] org.apache.catalina.startup.VersionLoggerListener.log Architecture:          amd64
18-Apr-2018 14:23:36.876 INFOS [main] org.apache.catalina.startup.VersionLoggerListener.log Java Home:             /usr/lib/jvm/java-1.8.0-openjdk-1.8.0.161-0.b14.el7_4.x86_64/jre
18-Apr-2018 14:23:36.876 INFOS [main] org.apache.catalina.startup.VersionLoggerListener.log JVM Version:           1.8.0_161-b14
18-Apr-2018 14:23:36.876 INFOS [main] org.apache.catalina.startup.VersionLoggerListener.log JVM Vendor:            Oracle Corporation
18-Apr-2018 14:23:36.876 INFOS [main] org.apache.catalina.startup.VersionLoggerListener.log CATALINA_BASE:         /root/Documents/AL-TP/apache-tomcat-9.0.7
18-Apr-2018 14:23:36.876 INFOS [main] org.apache.catalina.startup.VersionLoggerListener.log CATALINA_HOME:         /root/Documents/AL-TP/apache-tomcat-9.0.7
18-Apr-2018 14:23:36.876 INFOS [main] org.apache.catalina.startup.VersionLoggerListener.log Command line argument: -Djava.util.logging.config.file=/root/Documents/AL-TP/apache-tomcat-9.0.7/conf/logging.properties
18-Apr-2018 14:23:36.876 INFOS [main] org.apache.catalina.startup.VersionLoggerListener.log Command line argument: -Djava.util.logging.manager=org.apache.juli.ClassLoaderLogManager
18-Apr-2018 14:23:36.877 INFOS [main] org.apache.catalina.startup.VersionLoggerListener.log Command line argument: -Djdk.tls.ephemeralDHKeySize=2048
18-Apr-2018 14:23:36.877 INFOS [main] org.apache.catalina.startup.VersionLoggerListener.log Command line argument: -Djava.protocol.handler.pkgs=org.apache.catalina.webresources
18-Apr-2018 14:23:36.877 INFOS [main] org.apache.catalina.startup.VersionLoggerListener.log Command line argument: -Dorg.apache.catalina.security.SecurityListener.UMASK=0027
18-Apr-2018 14:23:36.877 INFOS [main] org.apache.catalina.startup.VersionLoggerListener.log Command line argument: -Dignore.endorsed.dirs=
18-Apr-2018 14:23:36.877 INFOS [main] org.apache.catalina.startup.VersionLoggerListener.log Command line argument: -Dcatalina.base=/root/Documents/AL-TP/apache-tomcat-9.0.7
18-Apr-2018 14:23:36.877 INFOS [main] org.apache.catalina.startup.VersionLoggerListener.log Command line argument: -Dcatalina.home=/root/Documents/AL-TP/apache-tomcat-9.0.7
18-Apr-2018 14:23:36.877 INFOS [main] org.apache.catalina.startup.VersionLoggerListener.log Command line argument: -Djava.io.tmpdir=/root/Documents/AL-TP/apache-tomcat-9.0.7/temp
18-Apr-2018 14:23:36.877 INFOS [main] org.apache.catalina.core.AprLifecycleListener.lifecycleEvent The APR based Apache Tomcat Native library which allows optimal performance in production environments was not found on the java.library.path: [/usr/java/packages/lib/amd64:/usr/lib64:/lib64:/lib:/usr/lib]
18-Apr-2018 14:23:37.005 INFOS [main] org.apache.coyote.AbstractProtocol.init Initializing ProtocolHandler ["http-nio-8080"]
18-Apr-2018 14:23:37.030 INFOS [main] org.apache.tomcat.util.net.NioSelectorPool.getSharedSelector Using a shared selector for servlet write/read
18-Apr-2018 14:23:37.044 INFOS [main] org.apache.coyote.AbstractProtocol.init Initializing ProtocolHandler ["ajp-nio-8009"]
18-Apr-2018 14:23:37.044 INFOS [main] org.apache.tomcat.util.net.NioSelectorPool.getSharedSelector Using a shared selector for servlet write/read
18-Apr-2018 14:23:37.067 INFOS [main] org.apache.catalina.startup.Catalina.load Initialization processed in 834 ms
18-Apr-2018 14:23:37.091 INFOS [main] org.apache.catalina.core.StandardService.startInternal Démarrage du service [Catalina]
18-Apr-2018 14:23:37.091 INFOS [main] org.apache.catalina.core.StandardEngine.startInternal Starting Servlet Engine: Apache Tomcat/9.0.7
18-Apr-2018 14:23:37.150 INFOS [main] org.apache.catalina.startup.HostConfig.deployWAR Déploiement de l'archive [/root/Documents/AL-TP/apache-tomcat-9.0.7/webapps/eureka.war] de l'application web
18-Apr-2018 14:23:39.740 INFOS [main] org.apache.jasper.servlet.TldScanner.scanJars At least one JAR was scanned for TLDs yet contained no TLDs. Enable debug logging for this logger for a complete list of JARs that were scanned but no TLDs were found in them. Skipping unneeded JARs during scanning can improve startup time and JSP compilation time.
18-Apr-2018 14:29:21.252 INFOS [main] org.apache.catalina.startup.VersionLoggerListener.log Server version:        Apache Tomcat/9.0.7
18-Apr-2018 14:29:21.253 INFOS [main] org.apache.catalina.startup.VersionLoggerListener.log Server built:          Apr 3 2018 19:53:05 UTC
18-Apr-2018 14:29:21.253 INFOS [main] org.apache.catalina.startup.VersionLoggerListener.log Server number:         9.0.7.0
18-Apr-2018 14:29:21.253 INFOS [main] org.apache.catalina.startup.VersionLoggerListener.log OS Name:               Linux
18-Apr-2018 14:29:21.253 INFOS [main] org.apache.catalina.startup.VersionLoggerListener.log OS Version:            3.10.0-693.2.2.el7.x86_64
18-Apr-2018 14:29:21.253 INFOS [main] org.apache.catalina.startup.VersionLoggerListener.log Architecture:          amd64
18-Apr-2018 14:29:21.253 INFOS [main] org.apache.catalina.startup.VersionLoggerListener.log Java Home:             /usr/lib/jvm/java-1.8.0-openjdk-1.8.0.161-0.b14.el7_4.x86_64/jre
18-Apr-2018 14:29:21.253 INFOS [main] org.apache.catalina.startup.VersionLoggerListener.log JVM Version:           1.8.0_161-b14
18-Apr-2018 14:29:21.254 INFOS [main] org.apache.catalina.startup.VersionLoggerListener.log JVM Vendor:            Oracle Corporation
18-Apr-2018 14:29:21.254 INFOS [main] org.apache.catalina.startup.VersionLoggerListener.log CATALINA_BASE:         /root/Documents/AL-TP/apache-tomcat-9.0.7
18-Apr-2018 14:29:21.254 INFOS [main] org.apache.catalina.startup.VersionLoggerListener.log CATALINA_HOME:         /root/Documents/AL-TP/apache-tomcat-9.0.7
18-Apr-2018 14:29:21.254 INFOS [main] org.apache.catalina.startup.VersionLoggerListener.log Command line argument: -Djava.util.logging.config.file=/root/Documents/AL-TP/apache-tomcat-9.0.7/conf/logging.properties
18-Apr-2018 14:29:21.254 INFOS [main] org.apache.catalina.startup.VersionLoggerListener.log Command line argument: -Djava.util.logging.manager=org.apache.juli.ClassLoaderLogManager
18-Apr-2018 14:29:21.254 INFOS [main] org.apache.catalina.startup.VersionLoggerListener.log Command line argument: -Djdk.tls.ephemeralDHKeySize=2048
18-Apr-2018 14:29:21.254 INFOS [main] org.apache.catalina.startup.VersionLoggerListener.log Command line argument: -Djava.protocol.handler.pkgs=org.apache.catalina.webresources
18-Apr-2018 14:29:21.254 INFOS [main] org.apache.catalina.startup.VersionLoggerListener.log Command line argument: -Dorg.apache.catalina.security.SecurityListener.UMASK=0027
18-Apr-2018 14:29:21.254 INFOS [main] org.apache.catalina.startup.VersionLoggerListener.log Command line argument: -Dignore.endorsed.dirs=
18-Apr-2018 14:29:21.254 INFOS [main] org.apache.catalina.startup.VersionLoggerListener.log Command line argument: -Dcatalina.base=/root/Documents/AL-TP/apache-tomcat-9.0.7
18-Apr-2018 14:29:21.254 INFOS [main] org.apache.catalina.startup.VersionLoggerListener.log Command line argument: -Dcatalina.home=/root/Documents/AL-TP/apache-tomcat-9.0.7
18-Apr-2018 14:29:21.254 INFOS [main] org.apache.catalina.startup.VersionLoggerListener.log Command line argument: -Djava.io.tmpdir=/root/Documents/AL-TP/apache-tomcat-9.0.7/temp
18-Apr-2018 14:29:21.254 INFOS [main] org.apache.catalina.core.AprLifecycleListener.lifecycleEvent The APR based Apache Tomcat Native library which allows optimal performance in production environments was not found on the java.library.path: [/usr/java/packages/lib/amd64:/usr/lib64:/lib64:/lib:/usr/lib]
18-Apr-2018 14:29:21.355 INFOS [main] org.apache.coyote.AbstractProtocol.init Initializing ProtocolHandler ["http-nio-8080"]
18-Apr-2018 14:29:21.380 INFOS [main] org.apache.tomcat.util.net.NioSelectorPool.getSharedSelector Using a shared selector for servlet write/read
18-Apr-2018 14:29:21.395 INFOS [main] org.apache.coyote.AbstractProtocol.init Initializing ProtocolHandler ["ajp-nio-8009"]
18-Apr-2018 14:29:21.396 INFOS [main] org.apache.tomcat.util.net.NioSelectorPool.getSharedSelector Using a shared selector for servlet write/read
18-Apr-2018 14:29:21.408 INFOS [main] org.apache.catalina.startup.Catalina.load Initialization processed in 730 ms
18-Apr-2018 14:29:21.436 INFOS [main] org.apache.catalina.core.StandardService.startInternal Démarrage du service [Catalina]
18-Apr-2018 14:29:21.436 INFOS [main] org.apache.catalina.core.StandardEngine.startInternal Starting Servlet Engine: Apache Tomcat/9.0.7
18-Apr-2018 14:29:21.460 INFOS [main] org.apache.catalina.startup.HostConfig.deployWAR Déploiement de l'archive [/root/Documents/AL-TP/apache-tomcat-9.0.7/webapps/eureka.war] de l'application web
18-Apr-2018 14:29:25.437 INFOS [main] org.apache.jasper.servlet.TldScanner.scanJars At least one JAR was scanned for TLDs yet contained no TLDs. Enable debug logging for this logger for a complete list of JARs that were scanned but no TLDs were found in them. Skipping unneeded JARs during scanning can improve startup time and JSP compilation time.
18-Apr-2018 14:30:49.891 INFOS [main] org.apache.catalina.startup.VersionLoggerListener.log Server version:        Apache Tomcat/9.0.7
18-Apr-2018 14:30:49.892 INFOS [main] org.apache.catalina.startup.VersionLoggerListener.log Server built:          Apr 3 2018 19:53:05 UTC
18-Apr-2018 14:30:49.892 INFOS [main] org.apache.catalina.startup.VersionLoggerListener.log Server number:         9.0.7.0
18-Apr-2018 14:30:49.892 INFOS [main] org.apache.catalina.startup.VersionLoggerListener.log OS Name:               Linux
18-Apr-2018 14:30:49.931 INFOS [main] org.apache.catalina.startup.VersionLoggerListener.log OS Version:            3.10.0-693.2.2.el7.x86_64
18-Apr-2018 14:30:49.931 INFOS [main] org.apache.catalina.startup.VersionLoggerListener.log Architecture:          amd64
18-Apr-2018 14:30:49.931 INFOS [main] org.apache.catalina.startup.VersionLoggerListener.log Java Home:             /usr/lib/jvm/java-1.8.0-openjdk-1.8.0.161-0.b14.el7_4.x86_64/jre
18-Apr-2018 14:30:49.931 INFOS [main] org.apache.catalina.startup.VersionLoggerListener.log JVM Version:           1.8.0_161-b14
18-Apr-2018 14:30:49.931 INFOS [main] org.apache.catalina.startup.VersionLoggerListener.log JVM Vendor:            Oracle Corporation
18-Apr-2018 14:30:49.931 INFOS [main] org.apache.catalina.startup.VersionLoggerListener.log CATALINA_BASE:         /root/Documents/AL-TP/apache-tomcat-9.0.7
18-Apr-2018 14:30:49.932 INFOS [main] org.apache.catalina.startup.VersionLoggerListener.log CATALINA_HOME:         /root/Documents/AL-TP/apache-tomcat-9.0.7
18-Apr-2018 14:30:49.932 INFOS [main] org.apache.catalina.startup.VersionLoggerListener.log Command line argument: -Djava.util.logging.config.file=/root/Documents/AL-TP/apache-tomcat-9.0.7/conf/logging.properties
18-Apr-2018 14:30:49.932 INFOS [main] org.apache.catalina.startup.VersionLoggerListener.log Command line argument: -Djava.util.logging.manager=org.apache.juli.ClassLoaderLogManager
18-Apr-2018 14:30:49.932 INFOS [main] org.apache.catalina.startup.VersionLoggerListener.log Command line argument: -Djdk.tls.ephemeralDHKeySize=2048
18-Apr-2018 14:30:49.932 INFOS [main] org.apache.catalina.startup.VersionLoggerListener.log Command line argument: -Djava.protocol.handler.pkgs=org.apache.catalina.webresources
18-Apr-2018 14:30:49.932 INFOS [main] org.apache.catalina.startup.VersionLoggerListener.log Command line argument: -Dorg.apache.catalina.security.SecurityListener.UMASK=0027
18-Apr-2018 14:30:49.932 INFOS [main] org.apache.catalina.startup.VersionLoggerListener.log Command line argument: -Dignore.endorsed.dirs=
18-Apr-2018 14:30:49.932 INFOS [main] org.apache.catalina.startup.VersionLoggerListener.log Command line argument: -Dcatalina.base=/root/Documents/AL-TP/apache-tomcat-9.0.7
18-Apr-2018 14:30:49.932 INFOS [main] org.apache.catalina.startup.VersionLoggerListener.log Command line argument: -Dcatalina.home=/root/Documents/AL-TP/apache-tomcat-9.0.7
18-Apr-2018 14:30:49.932 INFOS [main] org.apache.catalina.startup.VersionLoggerListener.log Command line argument: -Djava.io.tmpdir=/root/Documents/AL-TP/apache-tomcat-9.0.7/temp
18-Apr-2018 14:30:49.932 INFOS [main] org.apache.catalina.core.AprLifecycleListener.lifecycleEvent The APR based Apache Tomcat Native library which allows optimal performance in production environments was not found on the java.library.path: [/usr/java/packages/lib/amd64:/usr/lib64:/lib64:/lib:/usr/lib]
18-Apr-2018 14:30:50.172 INFOS [main] org.apache.coyote.AbstractProtocol.init Initializing ProtocolHandler ["http-nio-8080"]
18-Apr-2018 14:30:50.240 INFOS [main] org.apache.tomcat.util.net.NioSelectorPool.getSharedSelector Using a shared selector for servlet write/read
18-Apr-2018 14:30:50.296 INFOS [main] org.apache.coyote.AbstractProtocol.init Initializing ProtocolHandler ["ajp-nio-8009"]
18-Apr-2018 14:30:50.297 INFOS [main] org.apache.tomcat.util.net.NioSelectorPool.getSharedSelector Using a shared selector for servlet write/read
18-Apr-2018 14:30:50.343 INFOS [main] org.apache.catalina.startup.Catalina.load Initialization processed in 1683 ms
18-Apr-2018 14:30:50.416 INFOS [main] org.apache.catalina.core.StandardService.startInternal Démarrage du service [Catalina]
18-Apr-2018 14:30:50.416 INFOS [main] org.apache.catalina.core.StandardEngine.startInternal Starting Servlet Engine: Apache Tomcat/9.0.7
18-Apr-2018 14:30:50.439 INFOS [main] org.apache.catalina.startup.HostConfig.deployWAR Déploiement de l'archive [/root/Documents/AL-TP/apache-tomcat-9.0.7/webapps/eureka.war] de l'application web
18-Apr-2018 14:30:54.921 INFOS [main] org.apache.jasper.servlet.TldScanner.scanJars At least one JAR was scanned for TLDs yet contained no TLDs. Enable debug logging for this logger for a complete list of JARs that were scanned but no TLDs were found in them. Skipping unneeded JARs during scanning can improve startup time and JSP compilation time.
